<?xml version="1.0" encoding="UTF-8"?>
<!-- Generated by org.testng.reporters.JUnitReportReporter -->
<testsuite hostname="LTIN514778" failures="0" tests="14" name="project.Login" time="40.292" errors="0" timestamp="2024-03-08T10:50:32 IST" skipped="0">
  <testcase classname="project.Login" name="maximize" time="0.135"/>
  <testcase classname="project.Login" name="maximize" time="0.136"/>
  <testcase classname="project.Login" name="popups" time="3.161"/>
  <testcase classname="project.Login" name="popups" time="3.189"/>
  <testcase classname="project.Login" name="completedProjects" time="3.952"/>
  <testcase classname="project.Login" name="completedProjects" time="4.238"/>
  <testcase classname="project.Login" name="totalcompletedProjects" time="0.509"/>
  <testcase classname="project.Login" name="totalcompletedProjects" time="0.566"/>
  <testcase classname="project.Login" name="five" time="3.649"/>
  <testcase classname="project.Login" name="five" time="3.578"/>
  <testcase classname="project.Login" name="contact" time="5.498"/>
  <testcase classname="project.Login" name="contact" time="5.310"/>
  <testcase classname="project.Login" name="ScreenShot" time="3.202"/>
  <testcase classname="project.Login" name="ScreenShot" time="3.169"/>
</testsuite> <!-- project.Login -->
