<?xml version="1.0" encoding="UTF-8"?>
<!-- Generated by org.testng.reporters.JUnitReportReporter -->
<testsuite hostname="LTIN514778" failures="0" tests="2" name="project.MiniProject" time="0.657" errors="0" timestamp="2024-03-20T15:22:12 IST" skipped="0">
  <testcase classname="project.MiniProject" name="negative" time="0.292"/>
  <testcase classname="project.MiniProject" name="negative" time="0.365"/>
</testsuite> <!-- project.MiniProject -->
